<?xml version="1.0" encoding="UTF-8"?>
<testsuite name="CashbackHackServiceTest" tests="3" skipped="0" failures="0" errors="0" timestamp="2023-07-01T11:20:31" hostname="POWODOK" time="0.005">
  <properties/>
  <testcase name="testRemainShouldReturnBoundaryWhenAmountIsZero" classname="CashbackHackServiceTest" time="0.003"/>
  <testcase name="testRemainShouldReturnRemainderWhenAmountIsNotMultipleOfBoundary" classname="CashbackHackServiceTest" time="0.0"/>
  <testcase name="testRemainShouldReturnZeroWhenAmountIsMultipleOfBoundary" classname="CashbackHackServiceTest" time="0.0"/>
  <system-out><![CDATA[]]></system-out>
  <system-err><![CDATA[]]></system-err>
</testsuite>
